Watching for file changes with StatReloader
Unauthorized: /api/token/
[11/Apr/2026 10:32:41] "POST /api/token/ HTTP/1.1" 401 63
Bad Request: /api/token/refresh/
[11/Apr/2026 10:32:41] "POST /api/token/refresh/ HTTP/1.1" 400 43
Unauthorized: /api/token/
[11/Apr/2026 10:32:51] "POST /api/token/ HTTP/1.1" 401 63
Bad Request: /api/token/refresh/
[11/Apr/2026 10:32:51] "POST /api/token/refresh/ HTTP/1.1" 400 43
Bad Request: /api/register/
[11/Apr/2026 10:33:34] "POST /api/register/ HTTP/1.1" 400 151
Bad Request: /api/register/
[11/Apr/2026 10:33:36] "POST /api/register/ HTTP/1.1" 400 151
Unauthorized: /api/token/
[11/Apr/2026 10:33:42] "POST /api/token/ HTTP/1.1" 401 63
Bad Request: /api/token/refresh/
[11/Apr/2026 10:33:42] "POST /api/token/refresh/ HTTP/1.1" 400 43
Unauthorized: /api/token/
[11/Apr/2026 10:33:49] "POST /api/token/ HTTP/1.1" 401 63
Bad Request: /api/token/refresh/
[11/Apr/2026 10:33:49] "POST /api/token/refresh/ HTTP/1.1" 400 43
Unauthorized: /api/token/
[11/Apr/2026 10:33:53] "POST /api/token/ HTTP/1.1" 401 63
Bad Request: /api/token/refresh/
[11/Apr/2026 10:33:53] "POST /api/token/refresh/ HTTP/1.1" 400 43
Unauthorized: /api/token/
[11/Apr/2026 10:33:59] "POST /api/token/ HTTP/1.1" 401 63
Bad Request: /api/token/refresh/
[11/Apr/2026 10:33:59] "POST /api/token/refresh/ HTTP/1.1" 400 43
